<?xml version="1.0" encoding="UTF-8"?>
<testsuite name="edu.vt.ece.spin.CompositeLockTest" tests="1" skipped="0" failures="0" errors="0" timestamp="2024-11-03T17:58:29" hostname="LAPTOP-8T83RLDA" time="0.838">
  <properties/>
  <testcase name="testParallel" classname="edu.vt.ece.spin.CompositeLockTest" time="0.838"/>
  <system-out><![CDATA[]]></system-out>
  <system-err><![CDATA[]]></system-err>
</testsuite>
